{
  "stats": {
    "suites": 1,
    "tests": 1,
    "passes": 0,
    "pending": 0,
    "failures": 1,
    "start": "2026-07-16T20:47:58.351Z",
    "end": "2026-07-16T20:47:59.296Z",
    "duration": 945,
    "testsRegistered": 1,
    "passPercent": 0,
    "pendingPercent": 0,
    "other": 0,
    "hasOther": false,
    "skipped": 0,
    "hasSkipped": false
  },
  "results": [
    {
      "uuid": "0f85fcd2-7df3-46bd-bdce-40cfbcca741f",
      "title": "",
      "fullFile": "cypress/e2e/ui/smoke.cy.ts",
      "file": "cypress/e2e/ui/smoke.cy.ts",
      "beforeHooks": [],
      "afterHooks": [],
      "tests": [],
      "suites": [
        {
          "uuid": "6aefdd0f-a9e4-4988-ad5b-6e127f7d8a97",
          "title": "smoke test",
          "fullFile": "",
          "file": "",
          "beforeHooks": [],
          "afterHooks": [],
          "tests": [
            {
              "title": "should load the home page",
              "fullTitle": "smoke test should load the home page",
              "timedOut": null,
              "duration": 938,
              "state": "failed",
              "speed": null,
              "pass": false,
              "fail": true,
              "pending": false,
              "context": null,
              "code": "cy.visit('/');\ncy.contains('Conduit');",
              "err": {
                "message": "Error: The following error originated from your application code, not from Cypress.\n\n  > An unknown error has occurred: [object Object]\n\nWhen Cypress detects uncaught errors originating from your application it will automatically fail the current test.\n\nThis behavior is configurable, and you can choose to turn this off by listening to the `uncaught:exception` event.\n\nhttps://on.cypress.io/uncaught-exception-from-application",
                "estack": "Error: The following error originated from your application code, not from Cypress.\n\n  > An unknown error has occurred: [object Object]\n\nWhen Cypress detects uncaught errors originating from your application it will automatically fail the current test.\n\nThis behavior is configurable, and you can choose to turn this off by listening to the `uncaught:exception` event.\n\nhttps://on.cypress.io/uncaught-exception-from-application\n    at makeErrFromObj (https://demo.realworld.show/__cypress/runner/cypress_runner.js:75767:10)\n    at errorFromErrorEvent (https://demo.realworld.show/__cypress/runner/cypress_runner.js:76076:10)\n    at Object.errorFromUncaughtEvent (https://demo.realworld.show/__cypress/runner/cypress_runner.js:76095:36)\n    at <unknown> (https://demo.realworld.show/__cypress/runner/cypress_runner.js:149166:66)",
                "diff": null
              },
              "uuid": "558f3768-411f-49df-a3a8-efa6a52be487",
              "parentUUID": "6aefdd0f-a9e4-4988-ad5b-6e127f7d8a97",
              "isHook": false,
              "skipped": false
            }
          ],
          "suites": [],
          "passes": [],
          "failures": [
            "558f3768-411f-49df-a3a8-efa6a52be487"
          ],
          "pending": [],
          "skipped": [],
          "duration": 938,
          "root": false,
          "rootEmpty": false,
          "_timeout": 2000
        }
      ],
      "passes": [],
      "failures": [],
      "pending": [],
      "skipped": [],
      "duration": 0,
      "root": true,
      "rootEmpty": true,
      "_timeout": 2000
    }
  ],
  "meta": {
    "mocha": {
      "version": "7.2.0"
    },
    "mochawesome": {
      "options": {
        "quiet": false,
        "reportFilename": "mochawesome",
        "saveHtml": false,
        "saveJson": true,
        "consoleReporter": "spec",
        "useInlineDiffs": false,
        "code": true
      },
      "version": "7.1.4"
    },
    "marge": {
      "options": {
        "reportDir": "cypress/reports/mochawesome",
        "overwrite": false,
        "html": false,
        "json": true
      },
      "version": "6.3.2"
    }
  }
}